<?xml version="1.0" encoding="UTF-8"?>
<testsuite xmlns:xsi="http://www.w3.org/2001/XMLSchema-instance" xsi:noNamespaceSchemaLocation="https://maven.apache.org/surefire/maven-surefire-plugin/xsd/surefire-test-report.xsd" name="com.cognizant.truyum.service.MenuItemServiceTest" time="0.77" tests="14" errors="0" skipped="0" failures="0">
  <properties>
    <property name="sun.desktop" value="windows"/>
    <property name="awt.toolkit" value="sun.awt.windows.WToolkit"/>
    <property name="java.specification.version" value="11"/>
    <property name="sun.cpu.isalist" value="amd64"/>
    <property name="sun.jnu.encoding" value="Cp1252"/>
    <property name="java.class.path" value="D:\work\CTS\java\casestudy2\Sanket\Case Study\truyum-spring\target\test-classes;D:\work\CTS\java\casestudy2\Sanket\Case Study\truyum-spring\target\classes;C:\Users\Ashis\.m2\repository\org\junit\jupiter\junit-jupiter-engine\5.7.0\junit-jupiter-engine-5.7.0.jar;C:\Users\Ashis\.m2\repository\org\apiguardian\apiguardian-api\1.1.0\apiguardian-api-1.1.0.jar;C:\Users\Ashis\.m2\repository\org\junit\platform\junit-platform-engine\1.7.0\junit-platform-engine-1.7.0.jar;C:\Users\Ashis\.m2\repository\org\junit\jupiter\junit-jupiter-api\5.7.0\junit-jupiter-api-5.7.0.jar;C:\Users\Ashis\.m2\repository\org\opentest4j\opentest4j\1.2.0\opentest4j-1.2.0.jar;C:\Users\Ashis\.m2\repository\org\junit\platform\junit-platform-commons\1.7.0\junit-platform-commons-1.7.0.jar;C:\Users\Ashis\.m2\repository\org\junit\jupiter\junit-jupiter-params\5.7.0\junit-jupiter-params-5.7.0.jar;C:\Users\Ashis\.m2\repository\org\springframework\spring-context\5.3.1\spring-context-5.3.1.jar;C:\Users\Ashis\.m2\repository\org\springframework\spring-aop\5.3.1\spring-aop-5.3.1.jar;C:\Users\Ashis\.m2\repository\org\springframework\spring-beans\5.3.1\spring-beans-5.3.1.jar;C:\Users\Ashis\.m2\repository\org\springframework\spring-core\5.3.1\spring-core-5.3.1.jar;C:\Users\Ashis\.m2\repository\org\springframework\spring-jcl\5.3.1\spring-jcl-5.3.1.jar;C:\Users\Ashis\.m2\repository\org\springframework\spring-expression\5.3.1\spring-expression-5.3.1.jar;"/>
    <property name="java.vm.vendor" value="Oracle Corporation"/>
    <property name="sun.arch.data.model" value="64"/>
    <property name="user.variant" value=""/>
    <property name="java.vendor.url" value="https://openjdk.java.net/"/>
    <property name="user.timezone" value="Asia/Calcutta"/>
    <property name="java.vm.specification.version" value="11"/>
    <property name="os.name" value="Windows 10"/>
    <property name="sun.java.launcher" value="SUN_STANDARD"/>
    <property name="user.country" value="IN"/>
    <property name="sun.boot.library.path" value="C:\Program Files\Java\jdk-11.0.8\bin"/>
    <property name="sun.java.command" value="C:\Users\Ashis\AppData\Local\Temp\surefire2352850039003790126\surefirebooter13273093600449841330.jar C:\Users\Ashis\AppData\Local\Temp\surefire2352850039003790126 2020-11-30T12-40-24_785-jvmRun1 surefire5644923196770461043tmp surefire_08433350723389320470tmp"/>
    <property name="jdk.debug" value="release"/>
    <property name="surefire.test.class.path" value="D:\work\CTS\java\casestudy2\Sanket\Case Study\truyum-spring\target\test-classes;D:\work\CTS\java\casestudy2\Sanket\Case Study\truyum-spring\target\classes;C:\Users\Ashis\.m2\repository\org\junit\jupiter\junit-jupiter-engine\5.7.0\junit-jupiter-engine-5.7.0.jar;C:\Users\Ashis\.m2\repository\org\apiguardian\apiguardian-api\1.1.0\apiguardian-api-1.1.0.jar;C:\Users\Ashis\.m2\repository\org\junit\platform\junit-platform-engine\1.7.0\junit-platform-engine-1.7.0.jar;C:\Users\Ashis\.m2\repository\org\junit\jupiter\junit-jupiter-api\5.7.0\junit-jupiter-api-5.7.0.jar;C:\Users\Ashis\.m2\repository\org\opentest4j\opentest4j\1.2.0\opentest4j-1.2.0.jar;C:\Users\Ashis\.m2\repository\org\junit\platform\junit-platform-commons\1.7.0\junit-platform-commons-1.7.0.jar;C:\Users\Ashis\.m2\repository\org\junit\jupiter\junit-jupiter-params\5.7.0\junit-jupiter-params-5.7.0.jar;C:\Users\Ashis\.m2\repository\org\springframework\spring-context\5.3.1\spring-context-5.3.1.jar;C:\Users\Ashis\.m2\repository\org\springframework\spring-aop\5.3.1\spring-aop-5.3.1.jar;C:\Users\Ashis\.m2\repository\org\springframework\spring-beans\5.3.1\spring-beans-5.3.1.jar;C:\Users\Ashis\.m2\repository\org\springframework\spring-core\5.3.1\spring-core-5.3.1.jar;C:\Users\Ashis\.m2\repository\org\springframework\spring-jcl\5.3.1\spring-jcl-5.3.1.jar;C:\Users\Ashis\.m2\repository\org\springframework\spring-expression\5.3.1\spring-expression-5.3.1.jar;"/>
    <property name="sun.cpu.endian" value="little"/>
    <property name="user.home" value="C:\Users\Ashis"/>
    <property name="user.language" value="en"/>
    <property name="java.specification.vendor" value="Oracle Corporation"/>
    <property name="java.version.date" value="2020-07-14"/>
    <property name="java.home" value="C:\Program Files\Java\jdk-11.0.8"/>
    <property name="file.separator" value="\"/>
    <property name="basedir" value="D:\work\CTS\java\casestudy2\Sanket\Case Study\truyum-spring"/>
    <property name="java.vm.compressedOopsMode" value="Zero based"/>
    <property name="line.separator" value="&#10;"/>
    <property name="java.specification.name" value="Java Platform API Specification"/>
    <property name="java.vm.specification.vendor" value="Oracle Corporation"/>
    <property name="java.awt.graphicsenv" value="sun.awt.Win32GraphicsEnvironment"/>
    <property name="surefire.real.class.path" value="C:\Users\Ashis\AppData\Local\Temp\surefire2352850039003790126\surefirebooter13273093600449841330.jar"/>
    <property name="user.script" value=""/>
    <property name="sun.management.compiler" value="HotSpot 64-Bit Tiered Compilers"/>
    <property name="java.runtime.version" value="11.0.8+10-LTS"/>
    <property name="user.name" value="Ashis"/>
    <property name="path.separator" value=";"/>
    <property name="os.version" value="10.0"/>
    <property name="java.runtime.name" value="Java(TM) SE Runtime Environment"/>
    <property name="file.encoding" value="Cp1252"/>
    <property name="java.vm.name" value="Java HotSpot(TM) 64-Bit Server VM"/>
    <property name="java.vendor.version" value="18.9"/>
    <property name="localRepository" value="C:\Users\Ashis\.m2\repository"/>
    <property name="java.vendor.url.bug" value="https://bugreport.java.com/bugreport/"/>
    <property name="java.io.tmpdir" value="C:\Users\Ashis\AppData\Local\Temp\"/>
    <property name="java.version" value="11.0.8"/>
    <property name="user.dir" value="D:\work\CTS\java\casestudy2\Sanket\Case Study\truyum-spring"/>
    <property name="os.arch" value="amd64"/>
    <property name="java.vm.specification.name" value="Java Virtual Machine Specification"/>
    <property name="java.awt.printerjob" value="sun.awt.windows.WPrinterJob"/>
    <property name="sun.os.patch.level" value=""/>
    <property name="java.library.path" value="C:\Program Files\Java\jdk-11.0.8\bin;C:\WINDOWS\Sun\Java\bin;C:\WINDOWS\system32;C:\WINDOWS;C:\Python39\Scripts\;C:\Python39\;C:\Program Files\Common Files\Oracle\Java\javapath;C:\Python38\Scripts\;C:\Python38\;C:\Program Files (x86)\Common Files\Oracle\Java\javapath;C:\WINDOWS\system32;C:\WINDOWS;C:\WINDOWS\System32\Wbem;C:\WINDOWS\System32\WindowsPowerShell\v1.0\;C:\WINDOWS\System32\OpenSSH\;C:\Program Files (x86)\NVIDIA Corporation\PhysX\Common;C:\Program Files\NVIDIA Corporation\NVIDIA NvDLISR;C:\ProgramData\chocolatey\bin;C:\WINDOWS\system32;C:\WINDOWS;C:\WINDOWS\System32\Wbem;C:\WINDOWS\System32\WindowsPowerShell\v1.0\;C:\WINDOWS\System32\OpenSSH\;C:\Program Files\Git\cmd;C:\Program Files\nodejs\;C:\Users\Ashis\AppData\Local\Microsoft\WindowsApps;C:\Users\Ashis\AppData\Local\Programs\Microsoft VS Code\bin;C:\apache\apache-maven-3.6.2\bin;C:\Program Files\MongoDB\Server\4.4\bin;D:\MongoDB-tools\bin;D:\cmder;C:\Program Files\Java\jdk-11.0.8\bin;D:\mysql-shell\bin;C:\Users\Ashis\AppData\Roaming\npm;C:\Program Files\MySQL\MySQL Server 8.0\bin;;."/>
    <property name="java.vendor" value="Oracle Corporation"/>
    <property name="java.vm.info" value="mixed mode"/>
    <property name="java.vm.version" value="11.0.8+10-LTS"/>
    <property name="sun.io.unicode.encoding" value="UnicodeLittle"/>
    <property name="java.class.version" value="55.0"/>
  </properties>
  <testcase name="testModifyMenuItem" classname="com.cognizant.truyum.service.MenuItemServiceTest" time="0.046"/>
  <testcase name="testGetMenuItemListAdminSize" classname="com.cognizant.truyum.service.MenuItemServiceTest" time="0.056"/>
  <testcase name="testGetMenuItemListAdminContainsItems{String}[1]" classname="com.cognizant.truyum.service.MenuItemServiceTest" time="0.078"/>
  <testcase name="testGetMenuItemListAdminContainsItems{String}[2]" classname="com.cognizant.truyum.service.MenuItemServiceTest" time="0.051"/>
  <testcase name="testGetMenuItemListAdminContainsItems{String}[3]" classname="com.cognizant.truyum.service.MenuItemServiceTest" time="0.046"/>
  <testcase name="testGetMenuItemListAdminContainsItems{String}[4]" classname="com.cognizant.truyum.service.MenuItemServiceTest" time="0.045"/>
  <testcase name="testGetMenuItemListAdminContainsItems{String}[5]" classname="com.cognizant.truyum.service.MenuItemServiceTest" time="0.046"/>
  <testcase name="testGetMenuItemListCustomerNotContainsItems{String}[1]" classname="com.cognizant.truyum.service.MenuItemServiceTest" time="0.047"/>
  <testcase name="testGetMenuItemListCustomerNotContainsItems{String}[2]" classname="com.cognizant.truyum.service.MenuItemServiceTest" time="0.042"/>
  <testcase name="testGetMenuItem" classname="com.cognizant.truyum.service.MenuItemServiceTest" time="0.039"/>
  <testcase name="testGetMenuItemListCustomerSize" classname="com.cognizant.truyum.service.MenuItemServiceTest" time="0.039"/>
  <testcase name="testGetMenuItemListCustomerContainsItems{String}[1]" classname="com.cognizant.truyum.service.MenuItemServiceTest" time="0.057"/>
  <testcase name="testGetMenuItemListCustomerContainsItems{String}[2]" classname="com.cognizant.truyum.service.MenuItemServiceTest" time="0.064"/>
  <testcase name="testGetMenuItemListCustomerContainsItems{String}[3]" classname="com.cognizant.truyum.service.MenuItemServiceTest" time="0.059"/>
</testsuite>